<?xml version="1.0" encoding="UTF-8"?>
<!-- Generated by org.testng.reporters.JUnitXMLReporter -->
<testsuite ignored="0" hostname="DESKTOP-RTPCRIL" failures="0" tests="6" name="Default test" time="16.057" errors="0" timestamp="2024-02-04T07:59:44 IST">
  <testcase classname="api.test.DataDrivenTests" name="testPostUser" time="5.537"/>
  <testcase classname="api.test.DataDrivenTests" name="testPostUser" time="1.26"/>
  <testcase classname="api.test.DataDrivenTests" name="testPostUser" time="1.383"/>
  <testcase classname="api.test.DataDrivenTests" name="testdeleteUserByName" time="1.199"/>
  <testcase classname="api.test.DataDrivenTests" name="testdeleteUserByName" time="1.117"/>
  <testcase classname="api.test.DataDrivenTests" name="testdeleteUserByName" time="1.099"/>
</testsuite> <!-- Default test -->
