<?xml version="1.0" encoding="UTF-8"?>
<!-- Generated by org.testng.reporters.JUnitXMLReporter -->
<testsuite ignored="0" hostname="DESKTOP-RTPCRIL" failures="0" tests="4" name="UsersTest" time="14.363" errors="0" timestamp="2024-02-04T11:35:16 IST">
  <testcase classname="api.test.UserTests2" name="testPostUser" time="5.635"/>
  <testcase classname="api.test.UserTests2" name="testGetUserByName" time="1.501"/>
  <testcase classname="api.test.UserTests2" name="testUpdateUserByName" time="3.007"/>
  <testcase classname="api.test.UserTests2" name="testDeletUserByName" time="1.467"/>
</testsuite> <!-- UsersTest -->
