<?xml version="1.0" encoding="UTF-8"?>
<testng-results ignored="0" total="4" passed="4" failed="0" skipped="0">
  <reporter-output>
  </reporter-output>
  <suite started-at="2024-02-05T18:33:20 IST" name="UsersSuite" finished-at="2024-02-05T18:33:37 IST" duration-ms="17117">
    <groups>
    </groups>
    <test started-at="2024-02-05T18:33:20 IST" name="UsersTest" finished-at="2024-02-05T18:33:37 IST" duration-ms="17117">
      <class name="api.test.UserTests2">
        <test-method is-config="true" signature="setupData()[pri:0, instance:api.test.UserTests2@5e0826e7]" started-at="2024-02-05T18:33:21 IST" name="setupData" finished-at="2024-02-05T18:33:23 IST" duration-ms="2294" status="PASS">
          <reporter-output>
          </reporter-output>
        </test-method> <!-- setupData -->
        <test-method signature="testPostUser()[pri:1, instance:api.test.UserTests2@5e0826e7]" started-at="2024-02-05T18:33:23 IST" name="testPostUser" finished-at="2024-02-05T18:33:30 IST" duration-ms="6485" status="PASS">
          <reporter-output>
          </reporter-output>
        </test-method> <!-- testPostUser -->
        <test-method signature="testGetUserByName()[pri:2, instance:api.test.UserTests2@5e0826e7]" started-at="2024-02-05T18:33:30 IST" name="testGetUserByName" finished-at="2024-02-05T18:33:32 IST" duration-ms="1738" status="PASS">
          <reporter-output>
          </reporter-output>
        </test-method> <!-- testGetUserByName -->
        <test-method signature="testUpdateUserByName()[pri:3, instance:api.test.UserTests2@5e0826e7]" started-at="2024-02-05T18:33:32 IST" name="testUpdateUserByName" finished-at="2024-02-05T18:33:36 IST" duration-ms="4229" status="PASS">
          <reporter-output>
          </reporter-output>
        </test-method> <!-- testUpdateUserByName -->
        <test-method signature="testDeletUserByName()[pri:4, instance:api.test.UserTests2@5e0826e7]" started-at="2024-02-05T18:33:36 IST" name="testDeletUserByName" finished-at="2024-02-05T18:33:37 IST" duration-ms="1682" status="PASS">
          <reporter-output>
          </reporter-output>
        </test-method> <!-- testDeletUserByName -->
      </class> <!-- api.test.UserTests2 -->
    </test> <!-- UsersTest -->
  </suite> <!-- UsersSuite -->
</testng-results>
