<?xml version="1.0" encoding="UTF-8"?>
<testng-results ignored="0" total="4" passed="4" failed="0" skipped="0">
  <reporter-output>
  </reporter-output>
  <suite started-at="2024-02-04T11:35:01 IST" name="UsersSuite" finished-at="2024-02-04T11:35:15 IST" duration-ms="14363">
    <groups>
    </groups>
    <test started-at="2024-02-04T11:35:01 IST" name="UsersTest" finished-at="2024-02-04T11:35:15 IST" duration-ms="14363">
      <class name="api.test.UserTests2">
        <test-method is-config="true" signature="setupData()[pri:0, instance:api.test.UserTests2@2e8c1c9b]" started-at="2024-02-04T11:35:01 IST" name="setupData" finished-at="2024-02-04T11:35:03 IST" duration-ms="1895" status="PASS">
          <reporter-output>
          </reporter-output>
        </test-method> <!-- setupData -->
        <test-method signature="testPostUser()[pri:1, instance:api.test.UserTests2@2e8c1c9b]" started-at="2024-02-04T11:35:03 IST" name="testPostUser" finished-at="2024-02-04T11:35:09 IST" duration-ms="5635" status="PASS">
          <reporter-output>
          </reporter-output>
        </test-method> <!-- testPostUser -->
        <test-method signature="testGetUserByName()[pri:2, instance:api.test.UserTests2@2e8c1c9b]" started-at="2024-02-04T11:35:09 IST" name="testGetUserByName" finished-at="2024-02-04T11:35:10 IST" duration-ms="1501" status="PASS">
          <reporter-output>
          </reporter-output>
        </test-method> <!-- testGetUserByName -->
        <test-method signature="testUpdateUserByName()[pri:3, instance:api.test.UserTests2@2e8c1c9b]" started-at="2024-02-04T11:35:10 IST" name="testUpdateUserByName" finished-at="2024-02-04T11:35:13 IST" duration-ms="3007" status="PASS">
          <reporter-output>
          </reporter-output>
        </test-method> <!-- testUpdateUserByName -->
        <test-method signature="testDeletUserByName()[pri:4, instance:api.test.UserTests2@2e8c1c9b]" started-at="2024-02-04T11:35:13 IST" name="testDeletUserByName" finished-at="2024-02-04T11:35:15 IST" duration-ms="1467" status="PASS">
          <reporter-output>
          </reporter-output>
        </test-method> <!-- testDeletUserByName -->
      </class> <!-- api.test.UserTests2 -->
    </test> <!-- UsersTest -->
  </suite> <!-- UsersSuite -->
</testng-results>
