<?xml version="1.0" encoding="UTF-8"?>
<!-- Generated by org.testng.reporters.JUnitXMLReporter -->
<testsuite ignored="0" hostname="DESKTOP-RTPCRIL" failures="0" tests="4" name="UsersTest" time="17.117" errors="0" timestamp="2024-02-05T18:33:38 IST">
  <testcase classname="api.test.UserTests2" name="testPostUser" time="6.485"/>
  <testcase classname="api.test.UserTests2" name="testGetUserByName" time="1.738"/>
  <testcase classname="api.test.UserTests2" name="testUpdateUserByName" time="4.229"/>
  <testcase classname="api.test.UserTests2" name="testDeletUserByName" time="1.682"/>
</testsuite> <!-- UsersTest -->
